INFO [2022-06-22 15:05:17] $x
INFO [2022-06-22 15:05:17] list(set1, set2)
INFO [2022-06-22 15:05:17] 
INFO [2022-06-22 15:05:17] $category.names
INFO [2022-06-22 15:05:17] c("Set 1", "Set 2 ")
INFO [2022-06-22 15:05:17] 
INFO [2022-06-22 15:05:17] $filename
INFO [2022-06-22 15:05:17] [1] "./out/venn2.png"
INFO [2022-06-22 15:05:17] 
INFO [2022-06-22 15:05:17] $col
INFO [2022-06-22 15:05:17] [1] "black"
INFO [2022-06-22 15:05:17] 
INFO [2022-06-22 15:05:17] $fill
INFO [2022-06-22 15:05:17] c("red", "blue")
INFO [2022-06-22 15:05:17] 
INFO [2022-06-22 15:05:17] $alpha
INFO [2022-06-22 15:05:17] [1] 0.5
INFO [2022-06-22 15:05:17] 
INFO [2022-06-22 15:05:17] $cex
INFO [2022-06-22 15:05:17] [1] 1
INFO [2022-06-22 15:05:17] 
INFO [2022-06-22 15:05:17] $cat.col
INFO [2022-06-22 15:05:17] c("darkblue", "darkgreen")
INFO [2022-06-22 15:05:17] 
INFO [2022-06-22 15:05:17] $cat.cex
INFO [2022-06-22 15:05:17] [1] 1
INFO [2022-06-22 15:05:17] 
INFO [2022-06-22 15:05:17] $cat.dist
INFO [2022-06-22 15:05:17] [1] 0.07
INFO [2022-06-22 15:05:17] 
INFO [2022-06-22 15:05:17] $cat.pos
INFO [2022-06-22 15:05:17] [1] 0
INFO [2022-06-22 15:05:17] 
INFO [2022-06-22 15:05:17] $cat.fontfamily
INFO [2022-06-22 15:05:17] [1] "serif"
INFO [2022-06-22 15:05:17] 
INFO [2022-06-22 15:05:17] $rotation.degree
INFO [2022-06-22 15:05:17] [1] 0
INFO [2022-06-22 15:05:17] 
INFO [2022-06-22 15:05:17] $margin
INFO [2022-06-22 15:05:17] [1] 0.2
INFO [2022-06-22 15:05:17] 
