INFO [2022-06-22 14:57:40] $x
INFO [2022-06-22 14:57:40] list(set1, set2)
INFO [2022-06-22 14:57:40] 
INFO [2022-06-22 14:57:40] $category.names
INFO [2022-06-22 14:57:40] c("Set 1", "Set 2 ")
INFO [2022-06-22 14:57:40] 
INFO [2022-06-22 14:57:40] $filename
INFO [2022-06-22 14:57:40] [1] "./out/venn2.png"
INFO [2022-06-22 14:57:40] 
INFO [2022-06-22 14:57:40] $col
INFO [2022-06-22 14:57:40] [1] "black"
INFO [2022-06-22 14:57:40] 
INFO [2022-06-22 14:57:40] $fill
INFO [2022-06-22 14:57:40] c("red", "blue")
INFO [2022-06-22 14:57:40] 
INFO [2022-06-22 14:57:40] $alpha
INFO [2022-06-22 14:57:40] [1] 0.5
INFO [2022-06-22 14:57:40] 
INFO [2022-06-22 14:57:40] $cex
INFO [2022-06-22 14:57:40] [1] 1
INFO [2022-06-22 14:57:40] 
INFO [2022-06-22 14:57:40] $cat.col
INFO [2022-06-22 14:57:40] c("darkblue", "darkgreen")
INFO [2022-06-22 14:57:40] 
INFO [2022-06-22 14:57:40] $cat.cex
INFO [2022-06-22 14:57:40] [1] 1
INFO [2022-06-22 14:57:40] 
INFO [2022-06-22 14:57:40] $cat.dist
INFO [2022-06-22 14:57:40] [1] 0.07
INFO [2022-06-22 14:57:40] 
INFO [2022-06-22 14:57:40] $cat.pos
INFO [2022-06-22 14:57:40] [1] 0
INFO [2022-06-22 14:57:40] 
INFO [2022-06-22 14:57:40] $cat.fontfamily
INFO [2022-06-22 14:57:40] [1] "serif"
INFO [2022-06-22 14:57:40] 
INFO [2022-06-22 14:57:40] $rotation.degree
INFO [2022-06-22 14:57:40] [1] 0
INFO [2022-06-22 14:57:40] 
INFO [2022-06-22 14:57:40] $margin
INFO [2022-06-22 14:57:40] [1] 0.2
INFO [2022-06-22 14:57:40] 
