INFO [2022-06-23 17:02:49] $x
INFO [2022-06-23 17:02:49] list(set21, set22)
INFO [2022-06-23 17:02:49] 
INFO [2022-06-23 17:02:49] $category.names
INFO [2022-06-23 17:02:49] c("Set 1", "Set 2 ")
INFO [2022-06-23 17:02:49] 
INFO [2022-06-23 17:02:49] $filename
INFO [2022-06-23 17:02:49] [1] "./out/venn2.png"
INFO [2022-06-23 17:02:49] 
INFO [2022-06-23 17:02:49] $col
INFO [2022-06-23 17:02:49] [1] "black"
INFO [2022-06-23 17:02:49] 
INFO [2022-06-23 17:02:49] $fill
INFO [2022-06-23 17:02:49] c("red", "blue")
INFO [2022-06-23 17:02:49] 
INFO [2022-06-23 17:02:49] $alpha
INFO [2022-06-23 17:02:49] [1] 0.5
INFO [2022-06-23 17:02:49] 
INFO [2022-06-23 17:02:49] $cex
INFO [2022-06-23 17:02:49] [1] 1
INFO [2022-06-23 17:02:49] 
INFO [2022-06-23 17:02:49] $cat.col
INFO [2022-06-23 17:02:49] c("darkblue", "darkgreen")
INFO [2022-06-23 17:02:49] 
INFO [2022-06-23 17:02:49] $cat.cex
INFO [2022-06-23 17:02:49] [1] 1
INFO [2022-06-23 17:02:49] 
INFO [2022-06-23 17:02:49] $cat.dist
INFO [2022-06-23 17:02:49] [1] 0.07
INFO [2022-06-23 17:02:49] 
INFO [2022-06-23 17:02:49] $cat.pos
INFO [2022-06-23 17:02:49] [1] 0
INFO [2022-06-23 17:02:49] 
INFO [2022-06-23 17:02:49] $cat.fontfamily
INFO [2022-06-23 17:02:49] [1] "serif"
INFO [2022-06-23 17:02:49] 
INFO [2022-06-23 17:02:49] $rotation.degree
INFO [2022-06-23 17:02:49] [1] 0
INFO [2022-06-23 17:02:49] 
INFO [2022-06-23 17:02:49] $margin
INFO [2022-06-23 17:02:49] [1] 0.2
INFO [2022-06-23 17:02:49] 
