INFO [2022-06-22 15:05:23] $x
INFO [2022-06-22 15:05:23] list(set1, set2, set3, set4, set5)
INFO [2022-06-22 15:05:23] 
INFO [2022-06-22 15:05:23] $category.names
INFO [2022-06-22 15:05:23] c("Set 1", "Set 2 ", "Set 3", "Set 4", "Set 5")
INFO [2022-06-22 15:05:23] 
INFO [2022-06-22 15:05:23] $filename
INFO [2022-06-22 15:05:23] [1] "./out/Venn5.png"
INFO [2022-06-22 15:05:23] 
INFO [2022-06-22 15:05:23] $col
INFO [2022-06-22 15:05:23] [1] "transparent"
INFO [2022-06-22 15:05:23] 
INFO [2022-06-22 15:05:23] $fill
INFO [2022-06-22 15:05:23] c("blue", "green", "yellow", "grey50", "pink")
INFO [2022-06-22 15:05:23] 
INFO [2022-06-22 15:05:23] $alpha
INFO [2022-06-22 15:05:23] [1] 0.5
INFO [2022-06-22 15:05:23] 
INFO [2022-06-22 15:05:23] $cex
INFO [2022-06-22 15:05:23] [1] 1.2
INFO [2022-06-22 15:05:23] 
INFO [2022-06-22 15:05:23] $cat.col
INFO [2022-06-22 15:05:23] c("darkblue", "darkgreen", "orange", "grey50", "red")
INFO [2022-06-22 15:05:23] 
INFO [2022-06-22 15:05:23] $cat.cex
INFO [2022-06-22 15:05:23] [1] 1.2
INFO [2022-06-22 15:05:23] 
INFO [2022-06-22 15:05:23] $cat.dist
INFO [2022-06-22 15:05:23] [1] 0.07
INFO [2022-06-22 15:05:23] 
INFO [2022-06-22 15:05:23] $cat.pos
INFO [2022-06-22 15:05:23] [1] 0
INFO [2022-06-22 15:05:23] 
INFO [2022-06-22 15:05:23] $cat.fontfamily
INFO [2022-06-22 15:05:23] [1] "serif"
INFO [2022-06-22 15:05:23] 
INFO [2022-06-22 15:05:23] $rotation.degree
INFO [2022-06-22 15:05:23] [1] 270
INFO [2022-06-22 15:05:23] 
INFO [2022-06-22 15:05:23] $margin
INFO [2022-06-22 15:05:23] [1] 0.2
INFO [2022-06-22 15:05:23] 
