INFO [2022-06-20 16:23:00] $x
INFO [2022-06-20 16:23:00] list(set1, set2, set3, set4, set5)
INFO [2022-06-20 16:23:00] 
INFO [2022-06-20 16:23:00] $category.names
INFO [2022-06-20 16:23:00] c("Set 1", "Set 2 ", "Set 3", "Set 4", "Set 5")
INFO [2022-06-20 16:23:00] 
INFO [2022-06-20 16:23:00] $filename
INFO [2022-06-20 16:23:00] [1] "Venn5.png"
INFO [2022-06-20 16:23:00] 
INFO [2022-06-20 16:23:00] $col
INFO [2022-06-20 16:23:00] [1] "transparent"
INFO [2022-06-20 16:23:00] 
INFO [2022-06-20 16:23:00] $fill
INFO [2022-06-20 16:23:00] c("blue", "green", "yellow", "grey50", "pink")
INFO [2022-06-20 16:23:00] 
INFO [2022-06-20 16:23:00] $alpha
INFO [2022-06-20 16:23:00] [1] 0.5
INFO [2022-06-20 16:23:00] 
INFO [2022-06-20 16:23:00] $cex
INFO [2022-06-20 16:23:00] [1] 1.2
INFO [2022-06-20 16:23:00] 
INFO [2022-06-20 16:23:00] $cat.col
INFO [2022-06-20 16:23:00] c("darkblue", "darkgreen", "orange", "grey50", "red")
INFO [2022-06-20 16:23:00] 
INFO [2022-06-20 16:23:00] $cat.cex
INFO [2022-06-20 16:23:00] [1] 1.2
INFO [2022-06-20 16:23:00] 
INFO [2022-06-20 16:23:00] $cat.dist
INFO [2022-06-20 16:23:00] [1] 0.07
INFO [2022-06-20 16:23:00] 
INFO [2022-06-20 16:23:00] $cat.pos
INFO [2022-06-20 16:23:00] [1] 0
INFO [2022-06-20 16:23:00] 
INFO [2022-06-20 16:23:00] $cat.fontfamily
INFO [2022-06-20 16:23:00] [1] "serif"
INFO [2022-06-20 16:23:00] 
INFO [2022-06-20 16:23:00] $rotation.degree
INFO [2022-06-20 16:23:00] [1] 270
INFO [2022-06-20 16:23:00] 
INFO [2022-06-20 16:23:00] $margin
INFO [2022-06-20 16:23:00] [1] 0.2
INFO [2022-06-20 16:23:00] 
