INFO [2022-06-20 16:22:59] $x
INFO [2022-06-20 16:22:59] list(set1, set2)
INFO [2022-06-20 16:22:59] 
INFO [2022-06-20 16:22:59] $category.names
INFO [2022-06-20 16:22:59] c("Set 1", "Set 2 ")
INFO [2022-06-20 16:22:59] 
INFO [2022-06-20 16:22:59] $filename
INFO [2022-06-20 16:22:59] [1] "venn2.png"
INFO [2022-06-20 16:22:59] 
INFO [2022-06-20 16:22:59] $col
INFO [2022-06-20 16:22:59] [1] "black"
INFO [2022-06-20 16:22:59] 
INFO [2022-06-20 16:22:59] $fill
INFO [2022-06-20 16:22:59] c("red", "blue")
INFO [2022-06-20 16:22:59] 
INFO [2022-06-20 16:22:59] $alpha
INFO [2022-06-20 16:22:59] [1] 0.5
INFO [2022-06-20 16:22:59] 
INFO [2022-06-20 16:22:59] $cex
INFO [2022-06-20 16:22:59] [1] 1
INFO [2022-06-20 16:22:59] 
INFO [2022-06-20 16:22:59] $cat.col
INFO [2022-06-20 16:22:59] c("darkblue", "darkgreen")
INFO [2022-06-20 16:22:59] 
INFO [2022-06-20 16:22:59] $cat.cex
INFO [2022-06-20 16:22:59] [1] 1
INFO [2022-06-20 16:22:59] 
INFO [2022-06-20 16:22:59] $cat.dist
INFO [2022-06-20 16:22:59] [1] 0.07
INFO [2022-06-20 16:22:59] 
INFO [2022-06-20 16:22:59] $cat.pos
INFO [2022-06-20 16:22:59] [1] 0
INFO [2022-06-20 16:22:59] 
INFO [2022-06-20 16:22:59] $cat.fontfamily
INFO [2022-06-20 16:22:59] [1] "serif"
INFO [2022-06-20 16:22:59] 
INFO [2022-06-20 16:22:59] $rotation.degree
INFO [2022-06-20 16:22:59] [1] 0
INFO [2022-06-20 16:22:59] 
INFO [2022-06-20 16:22:59] $margin
INFO [2022-06-20 16:22:59] [1] 0.2
INFO [2022-06-20 16:22:59] 
